🩺 The doctor is checking the health of your Storybook..
╭ Incompatible packages found ───────────────────────────────────────────────────────────────────────────────────────────────────────╮
│                                                                                                                                    │
│   The following packages are incompatible with Storybook 7.6.20 as they depend on different major versions of Storybook            │
│   packages:                                                                                                                        │
│   - @storybook/addon-interactions@8.3.6                                                                                            │
│   Repo: https://github.com/storybookjs/storybook/tree/next/code/addons/interactions                                                │
│   - storybook@8.3.6                                                                                                                │
│   Repo: https://github.com/storybookjs/storybook/tree/next/code/lib/cli                                                            │
│   - @storybook/addon-essentials@8.3.6                                                                                              │
│   Repo: https://github.com/storybookjs/storybook/tree/next/code/addons/essentials                                                  │
│   - @storybook/core-server@8.3.6                                                                                                   │
│   Repo: https://github.com/storybookjs/storybook/tree/next/code/lib/core-server                                                    │
│                                                                                                                                    │
│                                                                                                                                    │
│   Please consider updating your packages or contacting the maintainers for compatibility details.                                  │
│   For more on Storybook 8 compatibility, see the linked GitHub issue:                                                              │
│   https://github.com/storybookjs/storybook/issues/26031                                                                            │
│                                                                                                                                    │
╰────────────────────────────────────────────────────────────────────────────────────────────────────────────────────────────────────╯

You can always recheck the health of your project by running:
npx storybook doctor

Full logs are available in /Users/paulvecchio/Development/BetterAngels/monorepo/doctor-storybook.log

